2020/05/26 09:47:36 [INFO] Terraform version: 0.12.25  
2020/05/26 09:47:36 [INFO] Go runtime version: go1.12.13
2020/05/26 09:47:36 [INFO] CLI args: []string{"/usr/local/bin/terraform", "apply"}
2020/05/26 09:47:36 [DEBUG] Attempting to open CLI config file: /Users/mehdi/.terraformrc
2020/05/26 09:47:36 [DEBUG] File doesn't exist, but doesn't need to. Ignoring.
2020/05/26 09:47:36 [INFO] CLI command args: []string{"apply"}
2020/05/26 09:47:36 [TRACE] Meta.Backend: no config given or present on disk, so returning nil config
2020/05/26 09:47:36 [TRACE] Meta.Backend: backend has not previously been initialized in this working directory
2020/05/26 09:47:36 [DEBUG] New state was assigned lineage "537b4ddd-0475-997a-e487-ae1f28cf4a13"
2020/05/26 09:47:36 [TRACE] Meta.Backend: using default local state only (no backend configuration, and no existing initialized backend)
2020/05/26 09:47:36 [TRACE] Meta.Backend: instantiated backend of type <nil>
2020/05/26 09:47:36 [DEBUG] checking for provider in "."
2020/05/26 09:47:36 [WARN] found legacy provider "terraform-provider-terrassert"
2020/05/26 09:47:36 [DEBUG] checking for provider in "/usr/local/bin"
2020/05/26 09:47:36 [DEBUG] checking for provider in ".terraform/plugins/darwin_amd64"
2020/05/26 09:47:36 [DEBUG] found valid plugin: "terrassert", "0.0.0", "/Users/mehdi/Dev/terraform_plgrnd/terrassert/terraform-provider-terrassert"
2020/05/26 09:47:36 [DEBUG] checking for provisioner in "."
2020/05/26 09:47:36 [DEBUG] checking for provisioner in "/usr/local/bin"
2020/05/26 09:47:36 [DEBUG] checking for provisioner in ".terraform/plugins/darwin_amd64"
2020/05/26 09:47:36 [TRACE] Meta.Backend: backend <nil> does not support operations, so wrapping it in a local backend
2020/05/26 09:47:36 [INFO] backend/local: starting Apply operation
2020/05/26 09:47:36 [TRACE] backend/local: requesting state manager for workspace "default"
2020/05/26 09:47:36 [TRACE] backend/local: state manager for workspace "default" will:
 - read initial snapshot from terraform.tfstate
 - write new snapshots to terraform.tfstate
 - create any backup at terraform.tfstate.backup
2020/05/26 09:47:36 [TRACE] backend/local: requesting state lock for workspace "default"
2020/05/26 09:47:36 [TRACE] statemgr.Filesystem: preparing to manage state snapshots at terraform.tfstate
2020/05/26 09:47:36 [TRACE] statemgr.Filesystem: existing snapshot has lineage "07a03712-4c9b-602d-b89a-0c5bc860a1c7" serial 4
2020/05/26 09:47:36 [TRACE] statemgr.Filesystem: locking terraform.tfstate using fcntl flock
2020/05/26 09:47:36 [TRACE] statemgr.Filesystem: writing lock metadata to .terraform.tfstate.lock.info
2020/05/26 09:47:36 [TRACE] backend/local: reading remote state for workspace "default"
2020/05/26 09:47:36 [TRACE] statemgr.Filesystem: reading latest snapshot from terraform.tfstate
2020/05/26 09:47:36 [TRACE] statemgr.Filesystem: read snapshot with lineage "07a03712-4c9b-602d-b89a-0c5bc860a1c7" serial 4
2020/05/26 09:47:36 [TRACE] backend/local: retrieving local state snapshot for workspace "default"
2020/05/26 09:47:36 [TRACE] backend/local: building context for current working directory
2020/05/26 09:47:36 [TRACE] terraform.NewContext: starting
2020/05/26 09:47:36 [TRACE] terraform.NewContext: resolving provider version selections
2020/05/26 09:47:36 [TRACE] terraform.NewContext: loading provider schemas
2020/05/26 09:47:36 [TRACE] LoadSchemas: retrieving schema for provider type "terrassert"
2020-05-26T09:47:36.728+0200 [INFO]  plugin: configuring client automatic mTLS
2020-05-26T09:47:36.753+0200 [DEBUG] plugin: starting plugin: path=/Users/mehdi/Dev/terraform_plgrnd/terrassert/terraform-provider-terrassert args=[/Users/mehdi/Dev/terraform_plgrnd/terrassert/terraform-provider-terrassert]
2020-05-26T09:47:36.755+0200 [DEBUG] plugin: plugin started: path=/Users/mehdi/Dev/terraform_plgrnd/terrassert/terraform-provider-terrassert pid=80011
2020-05-26T09:47:36.755+0200 [DEBUG] plugin: waiting for RPC address: path=/Users/mehdi/Dev/terraform_plgrnd/terrassert/terraform-provider-terrassert
2020-05-26T09:47:36.770+0200 [INFO]  plugin.terraform-provider-terrassert: configuring server automatic mTLS: timestamp=2020-05-26T09:47:36.770+0200
2020-05-26T09:47:36.796+0200 [DEBUG] plugin: using plugin: version=5
2020-05-26T09:47:36.796+0200 [DEBUG] plugin.terraform-provider-terrassert: plugin address: address=/var/folders/q2/6rq4_7pn2g9chv5zq7gj4cwc0000gp/T/plugin751535254 network=unix timestamp=2020-05-26T09:47:36.796+0200
2020/05/26 09:47:36 [TRACE] GRPCProvider: GetSchema
2020/05/26 09:47:36 [TRACE] GRPCProvider: Close
2020-05-26T09:47:36.850+0200 [DEBUG] plugin: plugin process exited: path=/Users/mehdi/Dev/terraform_plgrnd/terrassert/terraform-provider-terrassert pid=80011
2020-05-26T09:47:36.850+0200 [DEBUG] plugin: plugin exited
2020/05/26 09:47:36 [TRACE] terraform.NewContext: complete
2020/05/26 09:47:36 [TRACE] backend/local: finished building terraform.Context
2020/05/26 09:47:36 [TRACE] backend/local: requesting interactive input, if necessary
2020/05/26 09:47:36 [TRACE] Context.Input: Prompting for provider arguments
2020/05/26 09:47:36 [TRACE] Context.Input: Provider provider.terrassert implied by resource block at main.tf:1,1-41
2020/05/26 09:47:36 [TRACE] Context.Input: Input for provider.terrassert: map[string]cty.Value{}
2020/05/26 09:47:36 [TRACE] backend/local: running validation operation
2020/05/26 09:47:36 [INFO] terraform: building graph: GraphTypeValidate
2020/05/26 09:47:36 [TRACE] Executing graph transform *terraform.ConfigTransformer
2020/05/26 09:47:36 [TRACE] ConfigTransformer: Starting for path: 
2020/05/26 09:47:36 [TRACE] Completed graph transform *terraform.ConfigTransformer with new graph:
  terrassert_bool.check_valid - *terraform.NodeValidatableResource
  ------
2020/05/26 09:47:36 [TRACE] Executing graph transform *terraform.LocalTransformer
2020/05/26 09:47:36 [TRACE] Completed graph transform *terraform.LocalTransformer (no changes)
2020/05/26 09:47:36 [TRACE] Executing graph transform *terraform.OutputTransformer
2020/05/26 09:47:36 [TRACE] Completed graph transform *terraform.OutputTransformer (no changes)
2020/05/26 09:47:36 [TRACE] Executing graph transform *terraform.OrphanResourceInstanceTransformer
2020/05/26 09:47:36 [TRACE] Completed graph transform *terraform.OrphanResourceInstanceTransformer (no changes)
2020/05/26 09:47:36 [TRACE] Executing graph transform *terraform.StateTransformer
2020/05/26 09:47:36 [TRACE] StateTransformer: state is empty, so nothing to do
2020/05/26 09:47:36 [TRACE] Completed graph transform *terraform.StateTransformer (no changes)
2020/05/26 09:47:36 [TRACE] Executing graph transform *terraform.OrphanOutputTransformer
2020/05/26 09:47:36 [TRACE] Completed graph transform *terraform.OrphanOutputTransformer (no changes)
2020/05/26 09:47:36 [TRACE] Executing graph transform *terraform.AttachResourceConfigTransformer
2020/05/26 09:47:36 [TRACE] AttachResourceConfigTransformer: attaching to "terrassert_bool.check_valid" (*terraform.NodeValidatableResource) config from main.tf:1,1-41
2020/05/26 09:47:36 [TRACE] Completed graph transform *terraform.AttachResourceConfigTransformer (no changes)
2020/05/26 09:47:36 [TRACE] Executing graph transform *terraform.AttachStateTransformer
2020/05/26 09:47:36 [TRACE] Completed graph transform *terraform.AttachStateTransformer (no changes)
2020/05/26 09:47:36 [TRACE] Executing graph transform *terraform.RootVariableTransformer
2020/05/26 09:47:36 [TRACE] Completed graph transform *terraform.RootVariableTransformer (no changes)
2020/05/26 09:47:36 [TRACE] Executing graph transform *terraform.MissingProvisionerTransformer
2020/05/26 09:47:36 [TRACE] Completed graph transform *terraform.MissingProvisionerTransformer (no changes)
2020/05/26 09:47:36 [TRACE] Executing graph transform *terraform.ProvisionerTransformer
2020/05/26 09:47:36 [TRACE] Completed graph transform *terraform.ProvisionerTransformer (no changes)
2020/05/26 09:47:36 [TRACE] Executing graph transform *terraform.ModuleVariableTransformer
2020/05/26 09:47:36 [TRACE] Completed graph transform *terraform.ModuleVariableTransformer (no changes)
2020/05/26 09:47:36 [TRACE] Executing graph transform *terraform.graphTransformerMulti
2020/05/26 09:47:36 [TRACE] (graphTransformerMulti) Executing graph transform *terraform.ProviderConfigTransformer
2020/05/26 09:47:36 [TRACE] (graphTransformerMulti) Completed graph transform *terraform.ProviderConfigTransformer with new graph:
  terrassert_bool.check_valid - *terraform.NodeValidatableResource
  ------
2020/05/26 09:47:36 [TRACE] (graphTransformerMulti) Executing graph transform *terraform.MissingProviderTransformer
2020/05/26 09:47:36 [DEBUG] adding implicit provider configuration provider.terrassert, implied first by terrassert_bool.check_valid
2020/05/26 09:47:36 [TRACE] (graphTransformerMulti) Completed graph transform *terraform.MissingProviderTransformer with new graph:
  provider.terrassert - *terraform.NodeApplyableProvider
  terrassert_bool.check_valid - *terraform.NodeValidatableResource
  ------
2020/05/26 09:47:36 [TRACE] (graphTransformerMulti) Executing graph transform *terraform.ProviderTransformer
2020/05/26 09:47:36 [TRACE] ProviderTransformer: terrassert_bool.check_valid is provided by provider.terrassert or inherited equivalent
2020/05/26 09:47:36 [TRACE] ProviderTransformer: exact match for provider.terrassert serving terrassert_bool.check_valid
2020/05/26 09:47:36 [DEBUG] ProviderTransformer: "terrassert_bool.check_valid" (*terraform.NodeValidatableResource) needs provider.terrassert
2020/05/26 09:47:36 [TRACE] (graphTransformerMulti) Completed graph transform *terraform.ProviderTransformer with new graph:
  provider.terrassert - *terraform.NodeApplyableProvider
  terrassert_bool.check_valid - *terraform.NodeValidatableResource
    provider.terrassert - *terraform.NodeApplyableProvider
  ------
2020/05/26 09:47:36 [TRACE] (graphTransformerMulti) Executing graph transform *terraform.PruneProviderTransformer
2020/05/26 09:47:36 [TRACE] (graphTransformerMulti) Completed graph transform *terraform.PruneProviderTransformer (no changes)
2020/05/26 09:47:36 [TRACE] (graphTransformerMulti) Executing graph transform *terraform.ParentProviderTransformer
2020/05/26 09:47:36 [TRACE] (graphTransformerMulti) Completed graph transform *terraform.ParentProviderTransformer (no changes)
2020/05/26 09:47:36 [TRACE] Completed graph transform *terraform.graphTransformerMulti with new graph:
  provider.terrassert - *terraform.NodeApplyableProvider
  terrassert_bool.check_valid - *terraform.NodeValidatableResource
    provider.terrassert - *terraform.NodeApplyableProvider
  ------
2020/05/26 09:47:36 [TRACE] Executing graph transform *terraform.RemovedModuleTransformer
2020/05/26 09:47:36 [TRACE] Completed graph transform *terraform.RemovedModuleTransformer (no changes)
2020/05/26 09:47:36 [TRACE] Executing graph transform *terraform.AttachSchemaTransformer
2020/05/26 09:47:36 [TRACE] AttachSchemaTransformer: attaching resource schema to terrassert_bool.check_valid
2020/05/26 09:47:36 [TRACE] AttachSchemaTransformer: attaching provider config schema to provider.terrassert
2020/05/26 09:47:36 [TRACE] Completed graph transform *terraform.AttachSchemaTransformer (no changes)
2020/05/26 09:47:36 [TRACE] Executing graph transform *terraform.ReferenceTransformer
2020/05/26 09:47:36 [DEBUG] ReferenceTransformer: "terrassert_bool.check_valid" references: []
2020/05/26 09:47:36 [DEBUG] ReferenceTransformer: "provider.terrassert" references: []
2020/05/26 09:47:36 [TRACE] Completed graph transform *terraform.ReferenceTransformer (no changes)
2020/05/26 09:47:36 [TRACE] Executing graph transform *terraform.CountBoundaryTransformer
2020/05/26 09:47:36 [TRACE] Completed graph transform *terraform.CountBoundaryTransformer with new graph:
  meta.count-boundary (EachMode fixup) - *terraform.NodeCountBoundary
    provider.terrassert - *terraform.NodeApplyableProvider
    terrassert_bool.check_valid - *terraform.NodeValidatableResource
  provider.terrassert - *terraform.NodeApplyableProvider
  terrassert_bool.check_valid - *terraform.NodeValidatableResource
    provider.terrassert - *terraform.NodeApplyableProvider
  ------
2020/05/26 09:47:36 [TRACE] Executing graph transform *terraform.TargetsTransformer
2020/05/26 09:47:36 [TRACE] Completed graph transform *terraform.TargetsTransformer (no changes)
2020/05/26 09:47:36 [TRACE] Executing graph transform *terraform.ForcedCBDTransformer
2020/05/26 09:47:36 [TRACE] Completed graph transform *terraform.ForcedCBDTransformer (no changes)
2020/05/26 09:47:36 [TRACE] Executing graph transform *terraform.CloseProviderTransformer
2020/05/26 09:47:36 [TRACE] Completed graph transform *terraform.CloseProviderTransformer with new graph:
  meta.count-boundary (EachMode fixup) - *terraform.NodeCountBoundary
    provider.terrassert - *terraform.NodeApplyableProvider
    terrassert_bool.check_valid - *terraform.NodeValidatableResource
  provider.terrassert - *terraform.NodeApplyableProvider
  provider.terrassert (close) - *terraform.graphNodeCloseProvider
    provider.terrassert - *terraform.NodeApplyableProvider
    terrassert_bool.check_valid - *terraform.NodeValidatableResource
  terrassert_bool.check_valid - *terraform.NodeValidatableResource
    provider.terrassert - *terraform.NodeApplyableProvider
  ------
2020/05/26 09:47:36 [TRACE] Executing graph transform *terraform.CloseProvisionerTransformer
2020/05/26 09:47:36 [TRACE] Completed graph transform *terraform.CloseProvisionerTransformer (no changes)
2020/05/26 09:47:36 [TRACE] Executing graph transform *terraform.RootTransformer
2020/05/26 09:47:36 [TRACE] Completed graph transform *terraform.RootTransformer with new graph:
  meta.count-boundary (EachMode fixup) - *terraform.NodeCountBoundary
    provider.terrassert - *terraform.NodeApplyableProvider
    terrassert_bool.check_valid - *terraform.NodeValidatableResource
  provider.terrassert - *terraform.NodeApplyableProvider
  provider.terrassert (close) - *terraform.graphNodeCloseProvider
    provider.terrassert - *terraform.NodeApplyableProvider
    terrassert_bool.check_valid - *terraform.NodeValidatableResource
  root - terraform.graphNodeRoot
    meta.count-boundary (EachMode fixup) - *terraform.NodeCountBoundary
    provider.terrassert (close) - *terraform.graphNodeCloseProvider
  terrassert_bool.check_valid - *terraform.NodeValidatableResource
    provider.terrassert - *terraform.NodeApplyableProvider
  ------
2020/05/26 09:47:36 [TRACE] Executing graph transform *terraform.TransitiveReductionTransformer
2020/05/26 09:47:36 [TRACE] Completed graph transform *terraform.TransitiveReductionTransformer with new graph:
  meta.count-boundary (EachMode fixup) - *terraform.NodeCountBoundary
    terrassert_bool.check_valid - *terraform.NodeValidatableResource
  provider.terrassert - *terraform.NodeApplyableProvider
  provider.terrassert (close) - *terraform.graphNodeCloseProvider
    terrassert_bool.check_valid - *terraform.NodeValidatableResource
  root - terraform.graphNodeRoot
    meta.count-boundary (EachMode fixup) - *terraform.NodeCountBoundary
    provider.terrassert (close) - *terraform.graphNodeCloseProvider
  terrassert_bool.check_valid - *terraform.NodeValidatableResource
    provider.terrassert - *terraform.NodeApplyableProvider
  ------
2020/05/26 09:47:36 [DEBUG] Starting graph walk: walkValidate
2020/05/26 09:47:36 [TRACE] dag/walk: updating graph
2020/05/26 09:47:36 [TRACE] dag/walk: added new vertex: "terrassert_bool.check_valid"
2020/05/26 09:47:36 [TRACE] dag/walk: added new vertex: "provider.terrassert"
2020/05/26 09:47:36 [TRACE] dag/walk: added new vertex: "meta.count-boundary (EachMode fixup)"
2020/05/26 09:47:36 [TRACE] dag/walk: added new vertex: "provider.terrassert (close)"
2020/05/26 09:47:36 [TRACE] dag/walk: added new vertex: "root"
2020/05/26 09:47:36 [TRACE] dag/walk: added edge: "terrassert_bool.check_valid" waiting on "provider.terrassert"
2020/05/26 09:47:36 [TRACE] dag/walk: added edge: "meta.count-boundary (EachMode fixup)" waiting on "terrassert_bool.check_valid"
2020/05/26 09:47:36 [TRACE] dag/walk: added edge: "provider.terrassert (close)" waiting on "terrassert_bool.check_valid"
2020/05/26 09:47:36 [TRACE] dag/walk: added edge: "root" waiting on "provider.terrassert (close)"
2020/05/26 09:47:36 [TRACE] dag/walk: added edge: "root" waiting on "meta.count-boundary (EachMode fixup)"
2020/05/26 09:47:36 [TRACE] dag/walk: dependencies changed for "terrassert_bool.check_valid", sending new deps
2020/05/26 09:47:36 [TRACE] dag/walk: dependencies changed for "meta.count-boundary (EachMode fixup)", sending new deps
2020/05/26 09:47:36 [TRACE] dag/walk: dependencies changed for "provider.terrassert (close)", sending new deps
2020/05/26 09:47:36 [TRACE] dag/walk: dependencies changed for "root", sending new deps
2020/05/26 09:47:36 [TRACE] dag/walk: visiting "provider.terrassert"
2020/05/26 09:47:36 [TRACE] vertex "provider.terrassert": starting visit (*terraform.NodeApplyableProvider)
2020/05/26 09:47:36 [TRACE] vertex "provider.terrassert": evaluating
2020/05/26 09:47:36 [TRACE] [walkValidate] Entering eval tree: provider.terrassert
2020/05/26 09:47:36 [TRACE] <root>: eval: *terraform.EvalSequence
2020/05/26 09:47:36 [TRACE] <root>: eval: *terraform.EvalInitProvider
2020-05-26T09:47:36.851+0200 [INFO]  plugin: configuring client automatic mTLS
2020-05-26T09:47:36.875+0200 [DEBUG] plugin: starting plugin: path=/Users/mehdi/Dev/terraform_plgrnd/terrassert/terraform-provider-terrassert args=[/Users/mehdi/Dev/terraform_plgrnd/terrassert/terraform-provider-terrassert]
2020-05-26T09:47:36.878+0200 [DEBUG] plugin: plugin started: path=/Users/mehdi/Dev/terraform_plgrnd/terrassert/terraform-provider-terrassert pid=80023
2020-05-26T09:47:36.878+0200 [DEBUG] plugin: waiting for RPC address: path=/Users/mehdi/Dev/terraform_plgrnd/terrassert/terraform-provider-terrassert
2020-05-26T09:47:36.891+0200 [INFO]  plugin.terraform-provider-terrassert: configuring server automatic mTLS: timestamp=2020-05-26T09:47:36.890+0200
2020-05-26T09:47:36.917+0200 [DEBUG] plugin: using plugin: version=5
2020-05-26T09:47:36.917+0200 [DEBUG] plugin.terraform-provider-terrassert: plugin address: address=/var/folders/q2/6rq4_7pn2g9chv5zq7gj4cwc0000gp/T/plugin504844298 network=unix timestamp=2020-05-26T09:47:36.917+0200
2020/05/26 09:47:36 [TRACE] BuiltinEvalContext: Initialized "terrassert" provider for provider.terrassert
2020/05/26 09:47:36 [TRACE] <root>: eval: terraform.EvalNoop
2020/05/26 09:47:36 [TRACE] <root>: eval: *terraform.EvalOpFilter
2020/05/26 09:47:36 [TRACE] <root>: eval: *terraform.EvalSequence
2020/05/26 09:47:36 [TRACE] <root>: eval: *terraform.EvalGetProvider
2020/05/26 09:47:36 [TRACE] <root>: eval: *terraform.EvalValidateProvider
2020/05/26 09:47:36 [TRACE] buildProviderConfig for provider.terrassert: no configuration at all
2020/05/26 09:47:36 [TRACE] GRPCProvider: GetSchema
2020/05/26 09:47:36 [TRACE] GRPCProvider: PrepareProviderConfig
2020/05/26 09:47:36 [TRACE] <root>: eval: terraform.EvalNoop
2020/05/26 09:47:36 [TRACE] <root>: eval: terraform.EvalNoop
2020/05/26 09:47:36 [TRACE] [walkValidate] Exiting eval tree: provider.terrassert
2020/05/26 09:47:36 [TRACE] vertex "provider.terrassert": visit complete
2020/05/26 09:47:36 [TRACE] dag/walk: visiting "terrassert_bool.check_valid"
2020/05/26 09:47:36 [TRACE] vertex "terrassert_bool.check_valid": starting visit (*terraform.NodeValidatableResource)
2020/05/26 09:47:36 [TRACE] vertex "terrassert_bool.check_valid": evaluating
2020/05/26 09:47:36 [TRACE] [walkValidate] Entering eval tree: terrassert_bool.check_valid
2020/05/26 09:47:36 [TRACE] <root>: eval: *terraform.EvalSequence
2020/05/26 09:47:36 [TRACE] <root>: eval: *terraform.EvalGetProvider
2020/05/26 09:47:36 [TRACE] <root>: eval: *terraform.EvalValidateResource
2020/05/26 09:47:36 [TRACE] GRPCProvider: ValidateResourceTypeConfig
2020/05/26 09:47:36 [TRACE] [walkValidate] Exiting eval tree: terrassert_bool.check_valid
2020/05/26 09:47:36 [TRACE] vertex "terrassert_bool.check_valid": visit complete
2020/05/26 09:47:36 [TRACE] dag/walk: visiting "meta.count-boundary (EachMode fixup)"
2020/05/26 09:47:36 [TRACE] vertex "meta.count-boundary (EachMode fixup)": starting visit (*terraform.NodeCountBoundary)
2020/05/26 09:47:36 [TRACE] vertex "meta.count-boundary (EachMode fixup)": evaluating
2020/05/26 09:47:36 [TRACE] dag/walk: visiting "provider.terrassert (close)"
2020/05/26 09:47:36 [TRACE] [walkValidate] Entering eval tree: meta.count-boundary (EachMode fixup)
2020/05/26 09:47:36 [TRACE] vertex "provider.terrassert (close)": starting visit (*terraform.graphNodeCloseProvider)
2020/05/26 09:47:36 [TRACE] <root>: eval: *terraform.EvalCountFixZeroOneBoundaryGlobal
2020/05/26 09:47:36 [TRACE] vertex "provider.terrassert (close)": evaluating
2020/05/26 09:47:36 [TRACE] [walkValidate] Exiting eval tree: meta.count-boundary (EachMode fixup)
2020/05/26 09:47:36 [TRACE] [walkValidate] Entering eval tree: provider.terrassert (close)
2020/05/26 09:47:36 [TRACE] vertex "meta.count-boundary (EachMode fixup)": visit complete
2020/05/26 09:47:36 [TRACE] <root>: eval: *terraform.EvalCloseProvider
2020/05/26 09:47:36 [TRACE] GRPCProvider: Close
2020-05-26T09:47:36.972+0200 [DEBUG] plugin: plugin process exited: path=/Users/mehdi/Dev/terraform_plgrnd/terrassert/terraform-provider-terrassert pid=80023
2020-05-26T09:47:36.972+0200 [DEBUG] plugin: plugin exited
2020/05/26 09:47:36 [TRACE] [walkValidate] Exiting eval tree: provider.terrassert (close)
2020/05/26 09:47:36 [TRACE] vertex "provider.terrassert (close)": visit complete
2020/05/26 09:47:36 [TRACE] dag/walk: visiting "root"
2020/05/26 09:47:36 [TRACE] vertex "root": starting visit (terraform.graphNodeRoot)
2020/05/26 09:47:36 [TRACE] vertex "root": visit complete
2020/05/26 09:47:36 [INFO] backend/local: apply calling Refresh
2020/05/26 09:47:36 [INFO] terraform: building graph: GraphTypeRefresh
2020/05/26 09:47:36 [TRACE] No managed resources in state during refresh; skipping managed resource transformer
2020/05/26 09:47:36 [TRACE] Executing graph transform *terraform.ConfigTransformer
2020/05/26 09:47:36 [TRACE] ConfigTransformer: Starting for path: 
2020/05/26 09:47:36 [TRACE] Completed graph transform *terraform.ConfigTransformer (no changes)
2020/05/26 09:47:36 [TRACE] Executing graph transform *terraform.OrphanResourceInstanceTransformer
2020/05/26 09:47:36 [TRACE] Completed graph transform *terraform.OrphanResourceInstanceTransformer (no changes)
2020/05/26 09:47:36 [TRACE] Executing graph transform *terraform.StateTransformer
2020/05/26 09:47:36 [TRACE] StateTransformer: state is empty, so nothing to do
2020/05/26 09:47:36 [TRACE] Completed graph transform *terraform.StateTransformer (no changes)
2020/05/26 09:47:36 [TRACE] Executing graph transform *terraform.AttachStateTransformer
2020/05/26 09:47:36 [TRACE] Completed graph transform *terraform.AttachStateTransformer (no changes)
2020/05/26 09:47:36 [TRACE] Executing graph transform *terraform.AttachResourceConfigTransformer
2020/05/26 09:47:36 [TRACE] Completed graph transform *terraform.AttachResourceConfigTransformer (no changes)
2020/05/26 09:47:36 [TRACE] Executing graph transform *terraform.RootVariableTransformer
2020/05/26 09:47:36 [TRACE] Completed graph transform *terraform.RootVariableTransformer (no changes)
2020/05/26 09:47:36 [TRACE] Executing graph transform *terraform.LocalTransformer
2020/05/26 09:47:36 [TRACE] Completed graph transform *terraform.LocalTransformer (no changes)
2020/05/26 09:47:36 [TRACE] Executing graph transform *terraform.OutputTransformer
2020/05/26 09:47:36 [TRACE] Completed graph transform *terraform.OutputTransformer (no changes)
2020/05/26 09:47:36 [TRACE] Executing graph transform *terraform.ModuleVariableTransformer
2020/05/26 09:47:36 [TRACE] Completed graph transform *terraform.ModuleVariableTransformer (no changes)
2020/05/26 09:47:36 [TRACE] Executing graph transform *terraform.graphTransformerMulti
2020/05/26 09:47:36 [TRACE] (graphTransformerMulti) Executing graph transform *terraform.ProviderConfigTransformer
2020/05/26 09:47:36 [TRACE] (graphTransformerMulti) Completed graph transform *terraform.ProviderConfigTransformer (no changes)
2020/05/26 09:47:36 [TRACE] (graphTransformerMulti) Executing graph transform *terraform.MissingProviderTransformer
2020/05/26 09:47:36 [TRACE] (graphTransformerMulti) Completed graph transform *terraform.MissingProviderTransformer (no changes)
2020/05/26 09:47:36 [TRACE] (graphTransformerMulti) Executing graph transform *terraform.ProviderTransformer
2020/05/26 09:47:36 [TRACE] (graphTransformerMulti) Completed graph transform *terraform.ProviderTransformer (no changes)
2020/05/26 09:47:36 [TRACE] (graphTransformerMulti) Executing graph transform *terraform.PruneProviderTransformer
2020/05/26 09:47:36 [TRACE] (graphTransformerMulti) Completed graph transform *terraform.PruneProviderTransformer (no changes)
2020/05/26 09:47:36 [TRACE] (graphTransformerMulti) Executing graph transform *terraform.ParentProviderTransformer
2020/05/26 09:47:36 [TRACE] (graphTransformerMulti) Completed graph transform *terraform.ParentProviderTransformer (no changes)
2020/05/26 09:47:36 [TRACE] Completed graph transform *terraform.graphTransformerMulti (no changes)
2020/05/26 09:47:36 [TRACE] Executing graph transform *terraform.AttachSchemaTransformer
2020/05/26 09:47:36 [TRACE] Completed graph transform *terraform.AttachSchemaTransformer (no changes)
2020/05/26 09:47:36 [TRACE] Executing graph transform *terraform.ReferenceTransformer
2020/05/26 09:47:36 [TRACE] Completed graph transform *terraform.ReferenceTransformer (no changes)
2020/05/26 09:47:36 [TRACE] Executing graph transform *terraform.AttachDependenciesTransformer
2020/05/26 09:47:36 [TRACE] Completed graph transform *terraform.AttachDependenciesTransformer (no changes)
2020/05/26 09:47:36 [TRACE] Executing graph transform *terraform.TargetsTransformer
2020/05/26 09:47:36 [TRACE] Completed graph transform *terraform.TargetsTransformer (no changes)
2020/05/26 09:47:36 [TRACE] Executing graph transform *terraform.CloseProviderTransformer
2020/05/26 09:47:36 [TRACE] Completed graph transform *terraform.CloseProviderTransformer (no changes)
2020/05/26 09:47:36 [TRACE] Executing graph transform *terraform.RootTransformer
2020/05/26 09:47:36 [TRACE] Completed graph transform *terraform.RootTransformer with new graph:
  root - terraform.graphNodeRoot
  ------
2020/05/26 09:47:36 [TRACE] Executing graph transform *terraform.TransitiveReductionTransformer
2020/05/26 09:47:36 [TRACE] Completed graph transform *terraform.TransitiveReductionTransformer (no changes)
2020/05/26 09:47:36 [DEBUG] Starting graph walk: walkRefresh
2020/05/26 09:47:36 [TRACE] dag/walk: updating graph
2020/05/26 09:47:36 [TRACE] dag/walk: added new vertex: "root"
2020/05/26 09:47:36 [TRACE] dag/walk: visiting "root"
2020/05/26 09:47:36 [TRACE] vertex "root": starting visit (terraform.graphNodeRoot)
2020/05/26 09:47:36 [TRACE] vertex "root": visit complete
2020/05/26 09:47:36 [INFO] backend/local: apply calling Plan
2020/05/26 09:47:36 [INFO] terraform: building graph: GraphTypePlan
2020/05/26 09:47:36 [TRACE] Executing graph transform *terraform.ConfigTransformer
2020/05/26 09:47:36 [TRACE] ConfigTransformer: Starting for path: 
2020/05/26 09:47:36 [TRACE] Completed graph transform *terraform.ConfigTransformer with new graph:
  terrassert_bool.check_valid - *terraform.NodePlannableResource
  ------
2020/05/26 09:47:36 [TRACE] Executing graph transform *terraform.LocalTransformer
2020/05/26 09:47:36 [TRACE] Completed graph transform *terraform.LocalTransformer (no changes)
2020/05/26 09:47:36 [TRACE] Executing graph transform *terraform.OutputTransformer
2020/05/26 09:47:36 [TRACE] Completed graph transform *terraform.OutputTransformer (no changes)
2020/05/26 09:47:36 [TRACE] Executing graph transform *terraform.OrphanResourceInstanceTransformer
2020/05/26 09:47:36 [TRACE] Completed graph transform *terraform.OrphanResourceInstanceTransformer (no changes)
2020/05/26 09:47:36 [TRACE] Executing graph transform *terraform.StateTransformer
2020/05/26 09:47:36 [TRACE] StateTransformer: state is empty, so nothing to do
2020/05/26 09:47:36 [TRACE] Completed graph transform *terraform.StateTransformer (no changes)
2020/05/26 09:47:36 [TRACE] Executing graph transform *terraform.OrphanOutputTransformer
2020/05/26 09:47:36 [TRACE] Completed graph transform *terraform.OrphanOutputTransformer (no changes)
2020/05/26 09:47:36 [TRACE] Executing graph transform *terraform.AttachResourceConfigTransformer
2020/05/26 09:47:36 [TRACE] AttachResourceConfigTransformer: attaching to "terrassert_bool.check_valid" (*terraform.NodePlannableResource) config from main.tf:1,1-41
2020/05/26 09:47:36 [TRACE] Completed graph transform *terraform.AttachResourceConfigTransformer (no changes)
2020/05/26 09:47:36 [TRACE] Executing graph transform *terraform.AttachStateTransformer
2020/05/26 09:47:36 [TRACE] Completed graph transform *terraform.AttachStateTransformer (no changes)
2020/05/26 09:47:36 [TRACE] Executing graph transform *terraform.RootVariableTransformer
2020/05/26 09:47:36 [TRACE] Completed graph transform *terraform.RootVariableTransformer (no changes)
2020/05/26 09:47:36 [TRACE] Executing graph transform *terraform.MissingProvisionerTransformer
2020/05/26 09:47:36 [TRACE] Completed graph transform *terraform.MissingProvisionerTransformer (no changes)
2020/05/26 09:47:36 [TRACE] Executing graph transform *terraform.ProvisionerTransformer
2020/05/26 09:47:36 [TRACE] Completed graph transform *terraform.ProvisionerTransformer (no changes)
2020/05/26 09:47:36 [TRACE] Executing graph transform *terraform.ModuleVariableTransformer
2020/05/26 09:47:36 [TRACE] Completed graph transform *terraform.ModuleVariableTransformer (no changes)
2020/05/26 09:47:36 [TRACE] Executing graph transform *terraform.graphTransformerMulti
2020/05/26 09:47:36 [TRACE] (graphTransformerMulti) Executing graph transform *terraform.ProviderConfigTransformer
2020/05/26 09:47:36 [TRACE] (graphTransformerMulti) Completed graph transform *terraform.ProviderConfigTransformer with new graph:
  terrassert_bool.check_valid - *terraform.NodePlannableResource
  ------
2020/05/26 09:47:36 [TRACE] (graphTransformerMulti) Executing graph transform *terraform.MissingProviderTransformer
2020/05/26 09:47:36 [DEBUG] adding implicit provider configuration provider.terrassert, implied first by terrassert_bool.check_valid
2020/05/26 09:47:36 [TRACE] (graphTransformerMulti) Completed graph transform *terraform.MissingProviderTransformer with new graph:
  provider.terrassert - *terraform.NodeApplyableProvider
  terrassert_bool.check_valid - *terraform.NodePlannableResource
  ------
2020/05/26 09:47:36 [TRACE] (graphTransformerMulti) Executing graph transform *terraform.ProviderTransformer
2020/05/26 09:47:36 [TRACE] ProviderTransformer: terrassert_bool.check_valid is provided by provider.terrassert or inherited equivalent
2020/05/26 09:47:36 [TRACE] ProviderTransformer: exact match for provider.terrassert serving terrassert_bool.check_valid
2020/05/26 09:47:36 [DEBUG] ProviderTransformer: "terrassert_bool.check_valid" (*terraform.NodePlannableResource) needs provider.terrassert
2020/05/26 09:47:36 [TRACE] (graphTransformerMulti) Completed graph transform *terraform.ProviderTransformer with new graph:
  provider.terrassert - *terraform.NodeApplyableProvider
  terrassert_bool.check_valid - *terraform.NodePlannableResource
    provider.terrassert - *terraform.NodeApplyableProvider
  ------
2020/05/26 09:47:36 [TRACE] (graphTransformerMulti) Executing graph transform *terraform.PruneProviderTransformer
2020/05/26 09:47:36 [TRACE] (graphTransformerMulti) Completed graph transform *terraform.PruneProviderTransformer (no changes)
2020/05/26 09:47:36 [TRACE] (graphTransformerMulti) Executing graph transform *terraform.ParentProviderTransformer
2020/05/26 09:47:36 [TRACE] (graphTransformerMulti) Completed graph transform *terraform.ParentProviderTransformer (no changes)
2020/05/26 09:47:36 [TRACE] Completed graph transform *terraform.graphTransformerMulti with new graph:
  provider.terrassert - *terraform.NodeApplyableProvider
  terrassert_bool.check_valid - *terraform.NodePlannableResource
    provider.terrassert - *terraform.NodeApplyableProvider
  ------
2020/05/26 09:47:36 [TRACE] Executing graph transform *terraform.RemovedModuleTransformer
2020/05/26 09:47:36 [TRACE] Completed graph transform *terraform.RemovedModuleTransformer (no changes)
2020/05/26 09:47:36 [TRACE] Executing graph transform *terraform.AttachSchemaTransformer
2020/05/26 09:47:36 [TRACE] AttachSchemaTransformer: attaching resource schema to terrassert_bool.check_valid
2020/05/26 09:47:36 [TRACE] AttachSchemaTransformer: attaching provider config schema to provider.terrassert
2020/05/26 09:47:36 [TRACE] Completed graph transform *terraform.AttachSchemaTransformer (no changes)
2020/05/26 09:47:36 [TRACE] Executing graph transform *terraform.ReferenceTransformer
2020/05/26 09:47:36 [DEBUG] ReferenceTransformer: "provider.terrassert" references: []
2020/05/26 09:47:36 [DEBUG] ReferenceTransformer: "terrassert_bool.check_valid" references: []
2020/05/26 09:47:36 [TRACE] Completed graph transform *terraform.ReferenceTransformer (no changes)
2020/05/26 09:47:36 [TRACE] Executing graph transform *terraform.CountBoundaryTransformer
2020/05/26 09:47:36 [TRACE] Completed graph transform *terraform.CountBoundaryTransformer with new graph:
  meta.count-boundary (EachMode fixup) - *terraform.NodeCountBoundary
    provider.terrassert - *terraform.NodeApplyableProvider
    terrassert_bool.check_valid - *terraform.NodePlannableResource
  provider.terrassert - *terraform.NodeApplyableProvider
  terrassert_bool.check_valid - *terraform.NodePlannableResource
    provider.terrassert - *terraform.NodeApplyableProvider
  ------
2020/05/26 09:47:36 [TRACE] Executing graph transform *terraform.TargetsTransformer
2020/05/26 09:47:36 [TRACE] Completed graph transform *terraform.TargetsTransformer (no changes)
2020/05/26 09:47:36 [TRACE] Executing graph transform *terraform.ForcedCBDTransformer
2020/05/26 09:47:36 [TRACE] ForcedCBDTransformer: "terrassert_bool.check_valid" (*terraform.NodePlannableResource) has no CBD descendent, so skipping
2020/05/26 09:47:36 [TRACE] Completed graph transform *terraform.ForcedCBDTransformer (no changes)
2020/05/26 09:47:36 [TRACE] Executing graph transform *terraform.CloseProviderTransformer
2020/05/26 09:47:36 [TRACE] Completed graph transform *terraform.CloseProviderTransformer with new graph:
  meta.count-boundary (EachMode fixup) - *terraform.NodeCountBoundary
    provider.terrassert - *terraform.NodeApplyableProvider
    terrassert_bool.check_valid - *terraform.NodePlannableResource
  provider.terrassert - *terraform.NodeApplyableProvider
  provider.terrassert (close) - *terraform.graphNodeCloseProvider
    provider.terrassert - *terraform.NodeApplyableProvider
    terrassert_bool.check_valid - *terraform.NodePlannableResource
  terrassert_bool.check_valid - *terraform.NodePlannableResource
    provider.terrassert - *terraform.NodeApplyableProvider
  ------
2020/05/26 09:47:36 [TRACE] Executing graph transform *terraform.CloseProvisionerTransformer
2020/05/26 09:47:36 [TRACE] Completed graph transform *terraform.CloseProvisionerTransformer (no changes)
2020/05/26 09:47:36 [TRACE] Executing graph transform *terraform.RootTransformer
2020/05/26 09:47:36 [TRACE] Completed graph transform *terraform.RootTransformer with new graph:
  meta.count-boundary (EachMode fixup) - *terraform.NodeCountBoundary
    provider.terrassert - *terraform.NodeApplyableProvider
    terrassert_bool.check_valid - *terraform.NodePlannableResource
  provider.terrassert - *terraform.NodeApplyableProvider
  provider.terrassert (close) - *terraform.graphNodeCloseProvider
    provider.terrassert - *terraform.NodeApplyableProvider
    terrassert_bool.check_valid - *terraform.NodePlannableResource
  root - terraform.graphNodeRoot
    meta.count-boundary (EachMode fixup) - *terraform.NodeCountBoundary
    provider.terrassert (close) - *terraform.graphNodeCloseProvider
  terrassert_bool.check_valid - *terraform.NodePlannableResource
    provider.terrassert - *terraform.NodeApplyableProvider
  ------
2020/05/26 09:47:36 [TRACE] Executing graph transform *terraform.TransitiveReductionTransformer
2020/05/26 09:47:36 [TRACE] Completed graph transform *terraform.TransitiveReductionTransformer with new graph:
  meta.count-boundary (EachMode fixup) - *terraform.NodeCountBoundary
    terrassert_bool.check_valid - *terraform.NodePlannableResource
  provider.terrassert - *terraform.NodeApplyableProvider
  provider.terrassert (close) - *terraform.graphNodeCloseProvider
    terrassert_bool.check_valid - *terraform.NodePlannableResource
  root - terraform.graphNodeRoot
    meta.count-boundary (EachMode fixup) - *terraform.NodeCountBoundary
    provider.terrassert (close) - *terraform.graphNodeCloseProvider
  terrassert_bool.check_valid - *terraform.NodePlannableResource
    provider.terrassert - *terraform.NodeApplyableProvider
  ------
2020/05/26 09:47:36 [DEBUG] Starting graph walk: walkPlan
2020/05/26 09:47:36 [TRACE] dag/walk: updating graph
2020/05/26 09:47:36 [TRACE] dag/walk: added new vertex: "terrassert_bool.check_valid"
2020/05/26 09:47:36 [TRACE] dag/walk: added new vertex: "provider.terrassert"
2020/05/26 09:47:36 [TRACE] dag/walk: added new vertex: "meta.count-boundary (EachMode fixup)"
2020/05/26 09:47:36 [TRACE] dag/walk: added new vertex: "provider.terrassert (close)"
2020/05/26 09:47:36 [TRACE] dag/walk: added new vertex: "root"
2020/05/26 09:47:36 [TRACE] dag/walk: added edge: "provider.terrassert (close)" waiting on "terrassert_bool.check_valid"
2020/05/26 09:47:36 [TRACE] dag/walk: added edge: "root" waiting on "meta.count-boundary (EachMode fixup)"
2020/05/26 09:47:36 [TRACE] dag/walk: added edge: "root" waiting on "provider.terrassert (close)"
2020/05/26 09:47:36 [TRACE] dag/walk: added edge: "terrassert_bool.check_valid" waiting on "provider.terrassert"
2020/05/26 09:47:36 [TRACE] dag/walk: added edge: "meta.count-boundary (EachMode fixup)" waiting on "terrassert_bool.check_valid"
2020/05/26 09:47:36 [TRACE] dag/walk: dependencies changed for "meta.count-boundary (EachMode fixup)", sending new deps
2020/05/26 09:47:36 [TRACE] dag/walk: dependencies changed for "provider.terrassert (close)", sending new deps
2020/05/26 09:47:36 [TRACE] dag/walk: dependencies changed for "root", sending new deps
2020/05/26 09:47:36 [TRACE] dag/walk: dependencies changed for "terrassert_bool.check_valid", sending new deps
2020/05/26 09:47:36 [TRACE] dag/walk: visiting "provider.terrassert"
2020/05/26 09:47:36 [TRACE] vertex "provider.terrassert": starting visit (*terraform.NodeApplyableProvider)
2020/05/26 09:47:36 [TRACE] vertex "provider.terrassert": evaluating
2020/05/26 09:47:36 [TRACE] [walkPlan] Entering eval tree: provider.terrassert
2020/05/26 09:47:36 [TRACE] <root>: eval: *terraform.EvalSequence
2020/05/26 09:47:36 [TRACE] <root>: eval: *terraform.EvalInitProvider
2020-05-26T09:47:36.973+0200 [INFO]  plugin: configuring client automatic mTLS
2020-05-26T09:47:36.997+0200 [DEBUG] plugin: starting plugin: path=/Users/mehdi/Dev/terraform_plgrnd/terrassert/terraform-provider-terrassert args=[/Users/mehdi/Dev/terraform_plgrnd/terrassert/terraform-provider-terrassert]
2020-05-26T09:47:37.000+0200 [DEBUG] plugin: plugin started: path=/Users/mehdi/Dev/terraform_plgrnd/terrassert/terraform-provider-terrassert pid=80036
2020-05-26T09:47:37.000+0200 [DEBUG] plugin: waiting for RPC address: path=/Users/mehdi/Dev/terraform_plgrnd/terrassert/terraform-provider-terrassert
2020-05-26T09:47:37.011+0200 [INFO]  plugin.terraform-provider-terrassert: configuring server automatic mTLS: timestamp=2020-05-26T09:47:37.011+0200
2020-05-26T09:47:37.038+0200 [DEBUG] plugin: using plugin: version=5
2020-05-26T09:47:37.038+0200 [DEBUG] plugin.terraform-provider-terrassert: plugin address: address=/var/folders/q2/6rq4_7pn2g9chv5zq7gj4cwc0000gp/T/plugin870301395 network=unix timestamp=2020-05-26T09:47:37.038+0200
2020/05/26 09:47:37 [TRACE] BuiltinEvalContext: Initialized "terrassert" provider for provider.terrassert
2020/05/26 09:47:37 [TRACE] <root>: eval: terraform.EvalNoop
2020/05/26 09:47:37 [TRACE] <root>: eval: terraform.EvalNoop
2020/05/26 09:47:37 [TRACE] <root>: eval: *terraform.EvalOpFilter
2020/05/26 09:47:37 [TRACE] <root>: eval: *terraform.EvalSequence
2020/05/26 09:47:37 [TRACE] <root>: eval: *terraform.EvalGetProvider
2020/05/26 09:47:37 [TRACE] <root>: eval: *terraform.EvalOpFilter
2020/05/26 09:47:37 [TRACE] <root>: eval: *terraform.EvalSequence
2020/05/26 09:47:37 [TRACE] <root>: eval: *terraform.EvalConfigProvider
2020/05/26 09:47:37 [TRACE] buildProviderConfig for provider.terrassert: no configuration at all
2020/05/26 09:47:37 [TRACE] GRPCProvider: GetSchema
2020/05/26 09:47:37 [TRACE] GRPCProvider: Configure
2020/05/26 09:47:37 [TRACE] [walkPlan] Exiting eval tree: provider.terrassert
2020/05/26 09:47:37 [TRACE] vertex "provider.terrassert": visit complete
2020/05/26 09:47:37 [TRACE] dag/walk: visiting "terrassert_bool.check_valid"
2020/05/26 09:47:37 [TRACE] vertex "terrassert_bool.check_valid": starting visit (*terraform.NodePlannableResource)
2020/05/26 09:47:37 [TRACE] vertex "terrassert_bool.check_valid": evaluating
2020/05/26 09:47:37 [TRACE] [walkPlan] Entering eval tree: terrassert_bool.check_valid
2020/05/26 09:47:37 [TRACE] <root>: eval: *terraform.EvalWriteResourceState
2020/05/26 09:47:37 [TRACE] [walkPlan] Exiting eval tree: terrassert_bool.check_valid
2020/05/26 09:47:37 [TRACE] vertex "terrassert_bool.check_valid": expanding dynamic subgraph
2020/05/26 09:47:37 [TRACE] Executing graph transform *terraform.ResourceCountTransformer
2020/05/26 09:47:37 [TRACE] Completed graph transform *terraform.ResourceCountTransformer with new graph:
  terrassert_bool.check_valid - *terraform.NodePlannableResourceInstance
  ------
2020/05/26 09:47:37 [TRACE] Executing graph transform *terraform.OrphanResourceCountTransformer
2020/05/26 09:47:37 [TRACE] Completed graph transform *terraform.OrphanResourceCountTransformer (no changes)
2020/05/26 09:47:37 [TRACE] Executing graph transform *terraform.AttachStateTransformer
2020/05/26 09:47:37 [DEBUG] Resource instance state not found for node "terrassert_bool.check_valid", instance terrassert_bool.check_valid
2020/05/26 09:47:37 [TRACE] Completed graph transform *terraform.AttachStateTransformer (no changes)
2020/05/26 09:47:37 [TRACE] Executing graph transform *terraform.TargetsTransformer
2020/05/26 09:47:37 [TRACE] Completed graph transform *terraform.TargetsTransformer (no changes)
2020/05/26 09:47:37 [TRACE] Executing graph transform *terraform.ReferenceTransformer
2020/05/26 09:47:37 [DEBUG] ReferenceTransformer: "terrassert_bool.check_valid" references: []
2020/05/26 09:47:37 [TRACE] Completed graph transform *terraform.ReferenceTransformer (no changes)
2020/05/26 09:47:37 [TRACE] Executing graph transform *terraform.RootTransformer
2020/05/26 09:47:37 [TRACE] Completed graph transform *terraform.RootTransformer (no changes)
2020/05/26 09:47:37 [TRACE] vertex "terrassert_bool.check_valid": entering dynamic subgraph
2020/05/26 09:47:37 [TRACE] dag/walk: updating graph
2020/05/26 09:47:37 [TRACE] dag/walk: added new vertex: "terrassert_bool.check_valid"
2020/05/26 09:47:37 [TRACE] dag/walk: visiting "terrassert_bool.check_valid"
2020/05/26 09:47:37 [TRACE] vertex "terrassert_bool.check_valid": starting visit (*terraform.NodePlannableResourceInstance)
2020/05/26 09:47:37 [TRACE] vertex "terrassert_bool.check_valid": evaluating
2020/05/26 09:47:37 [TRACE] [walkPlan] Entering eval tree: terrassert_bool.check_valid
2020/05/26 09:47:37 [TRACE] <root>: eval: *terraform.EvalSequence
2020/05/26 09:47:37 [TRACE] <root>: eval: *terraform.EvalGetProvider
2020/05/26 09:47:37 [TRACE] <root>: eval: *terraform.EvalReadState
2020/05/26 09:47:37 [TRACE] EvalReadState: reading state for terrassert_bool.check_valid
2020/05/26 09:47:37 [TRACE] EvalReadState: no state present for terrassert_bool.check_valid
2020/05/26 09:47:37 [TRACE] <root>: eval: *terraform.EvalValidateSelfRef
2020/05/26 09:47:37 [TRACE] <root>: eval: *terraform.EvalDiff
2020/05/26 09:47:37 [TRACE] Re-validating config for "terrassert_bool.check_valid"
2020/05/26 09:47:37 [TRACE] GRPCProvider: ValidateResourceTypeConfig
2020/05/26 09:47:37 [TRACE] GRPCProvider: PlanResourceChange
2020/05/26 09:47:37 [TRACE] <root>: eval: *terraform.EvalCheckPreventDestroy
2020/05/26 09:47:37 [TRACE] <root>: eval: *terraform.EvalWriteState
2020/05/26 09:47:37 [TRACE] EvalWriteState: writing current state object for terrassert_bool.check_valid
2020/05/26 09:47:37 [TRACE] <root>: eval: *terraform.EvalWriteDiff
2020/05/26 09:47:37 [TRACE] EvalWriteDiff: recorded Create change for terrassert_bool.check_valid
2020/05/26 09:47:37 [TRACE] [walkPlan] Exiting eval tree: terrassert_bool.check_valid
2020/05/26 09:47:37 [TRACE] vertex "terrassert_bool.check_valid": visit complete
2020/05/26 09:47:37 [TRACE] vertex "terrassert_bool.check_valid": dynamic subgraph completed successfully
2020/05/26 09:47:37 [TRACE] vertex "terrassert_bool.check_valid": visit complete
2020/05/26 09:47:37 [TRACE] dag/walk: visiting "provider.terrassert (close)"
2020/05/26 09:47:37 [TRACE] vertex "provider.terrassert (close)": starting visit (*terraform.graphNodeCloseProvider)
2020/05/26 09:47:37 [TRACE] vertex "provider.terrassert (close)": evaluating
2020/05/26 09:47:37 [TRACE] [walkPlan] Entering eval tree: provider.terrassert (close)
2020/05/26 09:47:37 [TRACE] dag/walk: visiting "meta.count-boundary (EachMode fixup)"
2020/05/26 09:47:37 [TRACE] vertex "meta.count-boundary (EachMode fixup)": starting visit (*terraform.NodeCountBoundary)
2020/05/26 09:47:37 [TRACE] <root>: eval: *terraform.EvalCloseProvider
2020/05/26 09:47:37 [TRACE] GRPCProvider: Close
2020/05/26 09:47:37 [TRACE] vertex "meta.count-boundary (EachMode fixup)": evaluating
2020/05/26 09:47:37 [TRACE] [walkPlan] Entering eval tree: meta.count-boundary (EachMode fixup)
2020/05/26 09:47:37 [TRACE] <root>: eval: *terraform.EvalCountFixZeroOneBoundaryGlobal
2020/05/26 09:47:37 [TRACE] [walkPlan] Exiting eval tree: meta.count-boundary (EachMode fixup)
2020/05/26 09:47:37 [TRACE] vertex "meta.count-boundary (EachMode fixup)": visit complete
2020-05-26T09:47:37.094+0200 [DEBUG] plugin: plugin process exited: path=/Users/mehdi/Dev/terraform_plgrnd/terrassert/terraform-provider-terrassert pid=80036
2020-05-26T09:47:37.094+0200 [DEBUG] plugin: plugin exited
2020/05/26 09:47:37 [TRACE] [walkPlan] Exiting eval tree: provider.terrassert (close)
2020/05/26 09:47:37 [TRACE] vertex "provider.terrassert (close)": visit complete
2020/05/26 09:47:37 [TRACE] dag/walk: visiting "root"
2020/05/26 09:47:37 [TRACE] vertex "root": starting visit (terraform.graphNodeRoot)
2020/05/26 09:47:37 [TRACE] vertex "root": visit complete
2020/05/26 09:47:37 [DEBUG] command: asking for input: "Do you want to perform these actions?"
2020/05/26 09:47:40 [INFO] backend/local: apply calling Apply
2020/05/26 09:47:40 [INFO] terraform: building graph: GraphTypeApply
2020/05/26 09:47:40 [TRACE] Executing graph transform *terraform.ConfigTransformer
2020/05/26 09:47:40 [TRACE] ConfigTransformer: Starting for path: 
2020/05/26 09:47:40 [TRACE] Completed graph transform *terraform.ConfigTransformer with new graph:
  terrassert_bool.check_valid (prepare state) - *terraform.NodeApplyableResource
  ------
2020/05/26 09:47:40 [TRACE] Executing graph transform *terraform.DiffTransformer
2020/05/26 09:47:40 [TRACE] DiffTransformer starting
2020/05/26 09:47:40 [TRACE] DiffTransformer: found Create change for terrassert_bool.check_valid 
2020/05/26 09:47:40 [TRACE] DiffTransformer: terrassert_bool.check_valid will be represented by terrassert_bool.check_valid
2020/05/26 09:47:40 [TRACE] DiffTransformer complete
2020/05/26 09:47:40 [TRACE] Completed graph transform *terraform.DiffTransformer with new graph:
  terrassert_bool.check_valid - *terraform.NodeApplyableResourceInstance
    terrassert_bool.check_valid (prepare state) - *terraform.NodeApplyableResource
  terrassert_bool.check_valid (prepare state) - *terraform.NodeApplyableResource
  ------
2020/05/26 09:47:40 [TRACE] Executing graph transform *terraform.OrphanResourceTransformer
2020/05/26 09:47:40 [TRACE] Completed graph transform *terraform.OrphanResourceTransformer (no changes)
2020/05/26 09:47:40 [TRACE] Executing graph transform *terraform.OrphanOutputTransformer
2020/05/26 09:47:40 [TRACE] Completed graph transform *terraform.OrphanOutputTransformer (no changes)
2020/05/26 09:47:40 [TRACE] Executing graph transform *terraform.AttachResourceConfigTransformer
2020/05/26 09:47:40 [TRACE] AttachResourceConfigTransformer: attaching to "terrassert_bool.check_valid (prepare state)" (*terraform.NodeApplyableResource) config from main.tf:1,1-41
2020/05/26 09:47:40 [TRACE] AttachResourceConfigTransformer: attaching to "terrassert_bool.check_valid" (*terraform.NodeApplyableResourceInstance) config from main.tf:1,1-41
2020/05/26 09:47:40 [TRACE] Completed graph transform *terraform.AttachResourceConfigTransformer (no changes)
2020/05/26 09:47:40 [TRACE] Executing graph transform *terraform.AttachStateTransformer
2020/05/26 09:47:40 [DEBUG] Resource state not found for node "terrassert_bool.check_valid", instance terrassert_bool.check_valid
2020/05/26 09:47:40 [TRACE] Completed graph transform *terraform.AttachStateTransformer (no changes)
2020/05/26 09:47:40 [TRACE] Executing graph transform *terraform.MissingProvisionerTransformer
2020/05/26 09:47:40 [TRACE] Completed graph transform *terraform.MissingProvisionerTransformer (no changes)
2020/05/26 09:47:40 [TRACE] Executing graph transform *terraform.ProvisionerTransformer
2020/05/26 09:47:40 [TRACE] Completed graph transform *terraform.ProvisionerTransformer (no changes)
2020/05/26 09:47:40 [TRACE] Executing graph transform *terraform.RootVariableTransformer
2020/05/26 09:47:40 [TRACE] Completed graph transform *terraform.RootVariableTransformer (no changes)
2020/05/26 09:47:40 [TRACE] Executing graph transform *terraform.LocalTransformer
2020/05/26 09:47:40 [TRACE] Completed graph transform *terraform.LocalTransformer (no changes)
2020/05/26 09:47:40 [TRACE] Executing graph transform *terraform.OutputTransformer
2020/05/26 09:47:40 [TRACE] Completed graph transform *terraform.OutputTransformer (no changes)
2020/05/26 09:47:40 [TRACE] Executing graph transform *terraform.ModuleVariableTransformer
2020/05/26 09:47:40 [TRACE] Completed graph transform *terraform.ModuleVariableTransformer (no changes)
2020/05/26 09:47:40 [TRACE] Executing graph transform *terraform.graphTransformerMulti
2020/05/26 09:47:40 [TRACE] (graphTransformerMulti) Executing graph transform *terraform.ProviderConfigTransformer
2020/05/26 09:47:40 [TRACE] (graphTransformerMulti) Completed graph transform *terraform.ProviderConfigTransformer with new graph:
  terrassert_bool.check_valid - *terraform.NodeApplyableResourceInstance
    terrassert_bool.check_valid (prepare state) - *terraform.NodeApplyableResource
  terrassert_bool.check_valid (prepare state) - *terraform.NodeApplyableResource
  ------
2020/05/26 09:47:40 [TRACE] (graphTransformerMulti) Executing graph transform *terraform.MissingProviderTransformer
2020/05/26 09:47:40 [DEBUG] adding implicit provider configuration provider.terrassert, implied first by terrassert_bool.check_valid (prepare state)
2020/05/26 09:47:40 [TRACE] (graphTransformerMulti) Completed graph transform *terraform.MissingProviderTransformer with new graph:
  provider.terrassert - *terraform.NodeApplyableProvider
  terrassert_bool.check_valid - *terraform.NodeApplyableResourceInstance
    terrassert_bool.check_valid (prepare state) - *terraform.NodeApplyableResource
  terrassert_bool.check_valid (prepare state) - *terraform.NodeApplyableResource
  ------
2020/05/26 09:47:40 [TRACE] (graphTransformerMulti) Executing graph transform *terraform.ProviderTransformer
2020/05/26 09:47:40 [TRACE] ProviderTransformer: terrassert_bool.check_valid (prepare state) is provided by provider.terrassert or inherited equivalent
2020/05/26 09:47:40 [TRACE] ProviderTransformer: terrassert_bool.check_valid is provided by provider.terrassert or inherited equivalent
2020/05/26 09:47:40 [TRACE] ProviderTransformer: exact match for provider.terrassert serving terrassert_bool.check_valid (prepare state)
2020/05/26 09:47:40 [DEBUG] ProviderTransformer: "terrassert_bool.check_valid (prepare state)" (*terraform.NodeApplyableResource) needs provider.terrassert
2020/05/26 09:47:40 [TRACE] ProviderTransformer: exact match for provider.terrassert serving terrassert_bool.check_valid
2020/05/26 09:47:40 [DEBUG] ProviderTransformer: "terrassert_bool.check_valid" (*terraform.NodeApplyableResourceInstance) needs provider.terrassert
2020/05/26 09:47:40 [TRACE] (graphTransformerMulti) Completed graph transform *terraform.ProviderTransformer with new graph:
  provider.terrassert - *terraform.NodeApplyableProvider
  terrassert_bool.check_valid - *terraform.NodeApplyableResourceInstance
    provider.terrassert - *terraform.NodeApplyableProvider
    terrassert_bool.check_valid (prepare state) - *terraform.NodeApplyableResource
  terrassert_bool.check_valid (prepare state) - *terraform.NodeApplyableResource
    provider.terrassert - *terraform.NodeApplyableProvider
  ------
2020/05/26 09:47:40 [TRACE] (graphTransformerMulti) Executing graph transform *terraform.PruneProviderTransformer
2020/05/26 09:47:40 [TRACE] (graphTransformerMulti) Completed graph transform *terraform.PruneProviderTransformer (no changes)
2020/05/26 09:47:40 [TRACE] (graphTransformerMulti) Executing graph transform *terraform.ParentProviderTransformer
2020/05/26 09:47:40 [TRACE] (graphTransformerMulti) Completed graph transform *terraform.ParentProviderTransformer (no changes)
2020/05/26 09:47:40 [TRACE] Completed graph transform *terraform.graphTransformerMulti with new graph:
  provider.terrassert - *terraform.NodeApplyableProvider
  terrassert_bool.check_valid - *terraform.NodeApplyableResourceInstance
    provider.terrassert - *terraform.NodeApplyableProvider
    terrassert_bool.check_valid (prepare state) - *terraform.NodeApplyableResource
  terrassert_bool.check_valid (prepare state) - *terraform.NodeApplyableResource
    provider.terrassert - *terraform.NodeApplyableProvider
  ------
2020/05/26 09:47:40 [TRACE] Executing graph transform *terraform.RemovedModuleTransformer
2020/05/26 09:47:40 [TRACE] Completed graph transform *terraform.RemovedModuleTransformer (no changes)
2020/05/26 09:47:40 [TRACE] Executing graph transform *terraform.AttachSchemaTransformer
2020/05/26 09:47:40 [TRACE] AttachSchemaTransformer: attaching resource schema to terrassert_bool.check_valid (prepare state)
2020/05/26 09:47:40 [TRACE] AttachSchemaTransformer: attaching resource schema to terrassert_bool.check_valid
2020/05/26 09:47:40 [TRACE] AttachSchemaTransformer: attaching provider config schema to provider.terrassert
2020/05/26 09:47:40 [TRACE] Completed graph transform *terraform.AttachSchemaTransformer (no changes)
2020/05/26 09:47:40 [TRACE] Executing graph transform *terraform.ReferenceTransformer
2020/05/26 09:47:40 [DEBUG] ReferenceTransformer: "terrassert_bool.check_valid (prepare state)" references: []
2020/05/26 09:47:40 [DEBUG] ReferenceTransformer: "terrassert_bool.check_valid" references: []
2020/05/26 09:47:40 [DEBUG] ReferenceTransformer: "provider.terrassert" references: []
2020/05/26 09:47:40 [TRACE] Completed graph transform *terraform.ReferenceTransformer (no changes)
2020/05/26 09:47:40 [TRACE] Executing graph transform *terraform.AttachDependenciesTransformer
2020/05/26 09:47:40 [TRACE] AttachDependenciesTransformer: terrassert_bool.check_valid depends on []
2020/05/26 09:47:40 [TRACE] Completed graph transform *terraform.AttachDependenciesTransformer (no changes)
2020/05/26 09:47:40 [TRACE] Executing graph transform *terraform.DestroyEdgeTransformer
2020/05/26 09:47:40 [TRACE] Completed graph transform *terraform.DestroyEdgeTransformer (no changes)
2020/05/26 09:47:40 [TRACE] Executing graph transform *terraform.CBDEdgeTransformer
2020/05/26 09:47:40 [TRACE] Completed graph transform *terraform.CBDEdgeTransformer (no changes)
2020/05/26 09:47:40 [TRACE] Executing graph transform *terraform.PruneUnusedValuesTransformer
2020/05/26 09:47:40 [TRACE] Completed graph transform *terraform.PruneUnusedValuesTransformer (no changes)
2020/05/26 09:47:40 [TRACE] Executing graph transform *terraform.CountBoundaryTransformer
2020/05/26 09:47:40 [TRACE] Completed graph transform *terraform.CountBoundaryTransformer with new graph:
  meta.count-boundary (EachMode fixup) - *terraform.NodeCountBoundary
    provider.terrassert - *terraform.NodeApplyableProvider
    terrassert_bool.check_valid - *terraform.NodeApplyableResourceInstance
    terrassert_bool.check_valid (prepare state) - *terraform.NodeApplyableResource
  provider.terrassert - *terraform.NodeApplyableProvider
  terrassert_bool.check_valid - *terraform.NodeApplyableResourceInstance
    provider.terrassert - *terraform.NodeApplyableProvider
    terrassert_bool.check_valid (prepare state) - *terraform.NodeApplyableResource
  terrassert_bool.check_valid (prepare state) - *terraform.NodeApplyableResource
    provider.terrassert - *terraform.NodeApplyableProvider
  ------
2020/05/26 09:47:40 [TRACE] Executing graph transform *terraform.TargetsTransformer
2020/05/26 09:47:40 [TRACE] Completed graph transform *terraform.TargetsTransformer (no changes)
2020/05/26 09:47:40 [TRACE] Executing graph transform *terraform.CloseProviderTransformer
2020/05/26 09:47:40 [TRACE] Completed graph transform *terraform.CloseProviderTransformer with new graph:
  meta.count-boundary (EachMode fixup) - *terraform.NodeCountBoundary
    provider.terrassert - *terraform.NodeApplyableProvider
    terrassert_bool.check_valid - *terraform.NodeApplyableResourceInstance
    terrassert_bool.check_valid (prepare state) - *terraform.NodeApplyableResource
  provider.terrassert - *terraform.NodeApplyableProvider
  provider.terrassert (close) - *terraform.graphNodeCloseProvider
    provider.terrassert - *terraform.NodeApplyableProvider
    terrassert_bool.check_valid - *terraform.NodeApplyableResourceInstance
    terrassert_bool.check_valid (prepare state) - *terraform.NodeApplyableResource
  terrassert_bool.check_valid - *terraform.NodeApplyableResourceInstance
    provider.terrassert - *terraform.NodeApplyableProvider
    terrassert_bool.check_valid (prepare state) - *terraform.NodeApplyableResource
  terrassert_bool.check_valid (prepare state) - *terraform.NodeApplyableResource
    provider.terrassert - *terraform.NodeApplyableProvider
  ------
2020/05/26 09:47:40 [TRACE] Executing graph transform *terraform.CloseProvisionerTransformer
2020/05/26 09:47:40 [TRACE] Completed graph transform *terraform.CloseProvisionerTransformer (no changes)
2020/05/26 09:47:40 [TRACE] Executing graph transform *terraform.RootTransformer
2020/05/26 09:47:40 [TRACE] Completed graph transform *terraform.RootTransformer with new graph:
  meta.count-boundary (EachMode fixup) - *terraform.NodeCountBoundary
    provider.terrassert - *terraform.NodeApplyableProvider
    terrassert_bool.check_valid - *terraform.NodeApplyableResourceInstance
    terrassert_bool.check_valid (prepare state) - *terraform.NodeApplyableResource
  provider.terrassert - *terraform.NodeApplyableProvider
  provider.terrassert (close) - *terraform.graphNodeCloseProvider
    provider.terrassert - *terraform.NodeApplyableProvider
    terrassert_bool.check_valid - *terraform.NodeApplyableResourceInstance
    terrassert_bool.check_valid (prepare state) - *terraform.NodeApplyableResource
  root - terraform.graphNodeRoot
    meta.count-boundary (EachMode fixup) - *terraform.NodeCountBoundary
    provider.terrassert (close) - *terraform.graphNodeCloseProvider
  terrassert_bool.check_valid - *terraform.NodeApplyableResourceInstance
    provider.terrassert - *terraform.NodeApplyableProvider
    terrassert_bool.check_valid (prepare state) - *terraform.NodeApplyableResource
  terrassert_bool.check_valid (prepare state) - *terraform.NodeApplyableResource
    provider.terrassert - *terraform.NodeApplyableProvider
  ------
2020/05/26 09:47:40 [TRACE] Executing graph transform *terraform.TransitiveReductionTransformer
2020/05/26 09:47:40 [TRACE] Completed graph transform *terraform.TransitiveReductionTransformer with new graph:
  meta.count-boundary (EachMode fixup) - *terraform.NodeCountBoundary
    terrassert_bool.check_valid - *terraform.NodeApplyableResourceInstance
  provider.terrassert - *terraform.NodeApplyableProvider
  provider.terrassert (close) - *terraform.graphNodeCloseProvider
    terrassert_bool.check_valid - *terraform.NodeApplyableResourceInstance
  root - terraform.graphNodeRoot
    meta.count-boundary (EachMode fixup) - *terraform.NodeCountBoundary
    provider.terrassert (close) - *terraform.graphNodeCloseProvider
  terrassert_bool.check_valid - *terraform.NodeApplyableResourceInstance
    terrassert_bool.check_valid (prepare state) - *terraform.NodeApplyableResource
  terrassert_bool.check_valid (prepare state) - *terraform.NodeApplyableResource
    provider.terrassert - *terraform.NodeApplyableProvider
  ------
2020/05/26 09:47:40 [DEBUG] Starting graph walk: walkApply
2020/05/26 09:47:40 [TRACE] dag/walk: updating graph
2020/05/26 09:47:40 [TRACE] dag/walk: added new vertex: "terrassert_bool.check_valid"
2020/05/26 09:47:40 [TRACE] dag/walk: added new vertex: "provider.terrassert"
2020/05/26 09:47:40 [TRACE] dag/walk: added new vertex: "meta.count-boundary (EachMode fixup)"
2020/05/26 09:47:40 [TRACE] dag/walk: added new vertex: "provider.terrassert (close)"
2020/05/26 09:47:40 [TRACE] dag/walk: added new vertex: "root"
2020/05/26 09:47:40 [TRACE] dag/walk: added new vertex: "terrassert_bool.check_valid (prepare state)"
2020/05/26 09:47:40 [TRACE] dag/walk: added edge: "terrassert_bool.check_valid" waiting on "terrassert_bool.check_valid (prepare state)"
2020/05/26 09:47:40 [TRACE] dag/walk: added edge: "provider.terrassert (close)" waiting on "terrassert_bool.check_valid"
2020/05/26 09:47:40 [TRACE] dag/walk: added edge: "root" waiting on "provider.terrassert (close)"
2020/05/26 09:47:40 [TRACE] dag/walk: added edge: "terrassert_bool.check_valid (prepare state)" waiting on "provider.terrassert"
2020/05/26 09:47:40 [TRACE] dag/walk: added edge: "meta.count-boundary (EachMode fixup)" waiting on "terrassert_bool.check_valid"
2020/05/26 09:47:40 [TRACE] dag/walk: added edge: "root" waiting on "meta.count-boundary (EachMode fixup)"
2020/05/26 09:47:40 [TRACE] dag/walk: dependencies changed for "terrassert_bool.check_valid", sending new deps
2020/05/26 09:47:40 [TRACE] dag/walk: dependencies changed for "provider.terrassert (close)", sending new deps
2020/05/26 09:47:40 [TRACE] dag/walk: dependencies changed for "root", sending new deps
2020/05/26 09:47:40 [TRACE] dag/walk: dependencies changed for "terrassert_bool.check_valid (prepare state)", sending new deps
2020/05/26 09:47:40 [TRACE] dag/walk: dependencies changed for "meta.count-boundary (EachMode fixup)", sending new deps
2020/05/26 09:47:40 [TRACE] dag/walk: visiting "provider.terrassert"
2020/05/26 09:47:40 [TRACE] vertex "provider.terrassert": starting visit (*terraform.NodeApplyableProvider)
2020/05/26 09:47:40 [TRACE] vertex "provider.terrassert": evaluating
2020/05/26 09:47:40 [TRACE] [walkApply] Entering eval tree: provider.terrassert
2020/05/26 09:47:40 [TRACE] <root>: eval: *terraform.EvalSequence
2020/05/26 09:47:40 [TRACE] <root>: eval: *terraform.EvalInitProvider
2020-05-26T09:47:40.105+0200 [INFO]  plugin: configuring client automatic mTLS
2020-05-26T09:47:40.133+0200 [DEBUG] plugin: starting plugin: path=/Users/mehdi/Dev/terraform_plgrnd/terrassert/terraform-provider-terrassert args=[/Users/mehdi/Dev/terraform_plgrnd/terrassert/terraform-provider-terrassert]
2020-05-26T09:47:40.136+0200 [DEBUG] plugin: plugin started: path=/Users/mehdi/Dev/terraform_plgrnd/terrassert/terraform-provider-terrassert pid=80041
2020-05-26T09:47:40.136+0200 [DEBUG] plugin: waiting for RPC address: path=/Users/mehdi/Dev/terraform_plgrnd/terrassert/terraform-provider-terrassert
2020-05-26T09:47:40.148+0200 [INFO]  plugin.terraform-provider-terrassert: configuring server automatic mTLS: timestamp=2020-05-26T09:47:40.148+0200
2020-05-26T09:47:40.175+0200 [DEBUG] plugin: using plugin: version=5
2020-05-26T09:47:40.175+0200 [DEBUG] plugin.terraform-provider-terrassert: plugin address: address=/var/folders/q2/6rq4_7pn2g9chv5zq7gj4cwc0000gp/T/plugin945416468 network=unix timestamp=2020-05-26T09:47:40.175+0200
2020/05/26 09:47:40 [TRACE] BuiltinEvalContext: Initialized "terrassert" provider for provider.terrassert
2020/05/26 09:47:40 [TRACE] <root>: eval: terraform.EvalNoop
2020/05/26 09:47:40 [TRACE] <root>: eval: terraform.EvalNoop
2020/05/26 09:47:40 [TRACE] <root>: eval: *terraform.EvalOpFilter
2020/05/26 09:47:40 [TRACE] <root>: eval: *terraform.EvalSequence
2020/05/26 09:47:40 [TRACE] <root>: eval: *terraform.EvalGetProvider
2020/05/26 09:47:40 [TRACE] <root>: eval: *terraform.EvalOpFilter
2020/05/26 09:47:40 [TRACE] <root>: eval: *terraform.EvalSequence
2020/05/26 09:47:40 [TRACE] <root>: eval: *terraform.EvalConfigProvider
2020/05/26 09:47:40 [TRACE] buildProviderConfig for provider.terrassert: no configuration at all
2020/05/26 09:47:40 [TRACE] GRPCProvider: GetSchema
2020/05/26 09:47:40 [TRACE] GRPCProvider: Configure
2020/05/26 09:47:40 [TRACE] [walkApply] Exiting eval tree: provider.terrassert
2020/05/26 09:47:40 [TRACE] vertex "provider.terrassert": visit complete
2020/05/26 09:47:40 [TRACE] dag/walk: visiting "terrassert_bool.check_valid (prepare state)"
2020/05/26 09:47:40 [TRACE] vertex "terrassert_bool.check_valid (prepare state)": starting visit (*terraform.NodeApplyableResource)
2020/05/26 09:47:40 [TRACE] vertex "terrassert_bool.check_valid (prepare state)": evaluating
2020/05/26 09:47:40 [TRACE] [walkApply] Entering eval tree: terrassert_bool.check_valid (prepare state)
2020/05/26 09:47:40 [TRACE] <root>: eval: *terraform.EvalWriteResourceState
2020/05/26 09:47:40 [TRACE] [walkApply] Exiting eval tree: terrassert_bool.check_valid (prepare state)
2020/05/26 09:47:40 [TRACE] vertex "terrassert_bool.check_valid (prepare state)": visit complete
2020/05/26 09:47:40 [TRACE] dag/walk: visiting "terrassert_bool.check_valid"
2020/05/26 09:47:40 [TRACE] vertex "terrassert_bool.check_valid": starting visit (*terraform.NodeApplyableResourceInstance)
2020/05/26 09:47:40 [TRACE] vertex "terrassert_bool.check_valid": evaluating
2020/05/26 09:47:40 [TRACE] [walkApply] Entering eval tree: terrassert_bool.check_valid
2020/05/26 09:47:40 [TRACE] <root>: eval: *terraform.EvalSequence
2020/05/26 09:47:40 [TRACE] <root>: eval: *terraform.EvalGetProvider
2020/05/26 09:47:40 [TRACE] <root>: eval: *terraform.EvalReadDiff
2020/05/26 09:47:40 [TRACE] EvalReadDiff: Read Create change from plan for terrassert_bool.check_valid
2020/05/26 09:47:40 [TRACE] <root>: eval: *terraform.EvalIf
2020/05/26 09:47:40 [TRACE] <root>: eval: terraform.EvalNoop
2020/05/26 09:47:40 [TRACE] <root>: eval: *terraform.EvalIf
2020/05/26 09:47:40 [TRACE] <root>: eval: *terraform.EvalReadState
2020/05/26 09:47:40 [TRACE] EvalReadState: reading state for terrassert_bool.check_valid
2020/05/26 09:47:40 [TRACE] EvalReadState: no state present for terrassert_bool.check_valid
2020/05/26 09:47:40 [TRACE] <root>: eval: *terraform.EvalReadDiff
2020/05/26 09:47:40 [TRACE] EvalReadDiff: Read Create change from plan for terrassert_bool.check_valid
2020/05/26 09:47:40 [TRACE] <root>: eval: *terraform.EvalDiff
2020/05/26 09:47:40 [TRACE] Re-validating config for "terrassert_bool.check_valid"
2020/05/26 09:47:40 [TRACE] GRPCProvider: ValidateResourceTypeConfig
2020/05/26 09:47:40 [TRACE] GRPCProvider: PlanResourceChange
2020/05/26 09:47:40 [TRACE] <root>: eval: *terraform.EvalCheckPlannedChange
2020/05/26 09:47:40 [TRACE] EvalCheckPlannedChange: Verifying that actual change (action Create) matches planned change (action Create)
2020/05/26 09:47:40 [TRACE] <root>: eval: *terraform.EvalGetProvider
2020/05/26 09:47:40 [TRACE] <root>: eval: *terraform.EvalReadState
2020/05/26 09:47:40 [TRACE] EvalReadState: reading state for terrassert_bool.check_valid
2020/05/26 09:47:40 [TRACE] EvalReadState: no state present for terrassert_bool.check_valid
2020/05/26 09:47:40 [TRACE] <root>: eval: *terraform.EvalReduceDiff
2020/05/26 09:47:40 [TRACE] <root>: eval: *terraform.EvalIf
2020/05/26 09:47:40 [TRACE] <root>: eval: terraform.EvalNoop
2020/05/26 09:47:40 [TRACE] <root>: eval: *terraform.EvalApplyPre
2020/05/26 09:47:40 [TRACE] <root>: eval: *terraform.EvalApply
2020/05/26 09:47:40 [DEBUG] terrassert_bool.check_valid: applying the planned Create change
2020/05/26 09:47:40 [TRACE] GRPCProvider: ApplyResourceChange
2020-05-26T09:47:40.235+0200 [DEBUG] plugin.terraform-provider-terrassert: panic: interface conversion: interface {} is nil, not string
2020-05-26T09:47:40.235+0200 [DEBUG] plugin.terraform-provider-terrassert: 
2020-05-26T09:47:40.235+0200 [DEBUG] plugin.terraform-provider-terrassert: goroutine 31 [running]:
2020-05-26T09:47:40.235+0200 [DEBUG] plugin.terraform-provider-terrassert: main.resourceBoolCreate(0xc0002a4e70, 0x0, 0x0, 0x2, 0x24d0b80)
2020-05-26T09:47:40.235+0200 [DEBUG] plugin.terraform-provider-terrassert: 	/Users/mehdi/Dev/terraform_plgrnd/terrassert/resource_bool.go:28 +0xa5
2020-05-26T09:47:40.235+0200 [DEBUG] plugin.terraform-provider-terrassert: github.com/hashicorp/terraform-plugin-sdk/helper/schema.(*Resource).Apply(0xc000447170, 0xc00053aff0, 0xc000208c80, 0x0, 0x0, 0x1a38c01, 0xc0000a3890, 0xc000203b30)
2020-05-26T09:47:40.235+0200 [DEBUG] plugin.terraform-provider-terrassert: 	/Users/mehdi/go/pkg/mod/github.com/hashicorp/terraform-plugin-sdk@v1.13.0/helper/schema/resource.go:310 +0x365
2020-05-26T09:47:40.235+0200 [DEBUG] plugin.terraform-provider-terrassert: github.com/hashicorp/terraform-plugin-sdk/helper/schema.(*Provider).Apply(0xc000182900, 0xc0000a3a10, 0xc00053aff0, 0xc000208c80, 0xc0005b95e8, 0xc000120328, 0x1a3a8a0)
2020-05-26T09:47:40.235+0200 [DEBUG] plugin.terraform-provider-terrassert: 	/Users/mehdi/go/pkg/mod/github.com/hashicorp/terraform-plugin-sdk@v1.13.0/helper/schema/provider.go:294 +0x99
2020-05-26T09:47:40.235+0200 [DEBUG] plugin.terraform-provider-terrassert: github.com/hashicorp/terraform-plugin-sdk/internal/helper/plugin.(*GRPCProviderServer).ApplyResourceChange(0xc000120c00, 0x1dc63c0, 0xc000203440, 0xc0002a4930, 0xc000120c00, 0xc000203440, 0xc000073b78)
2020-05-26T09:47:40.235+0200 [DEBUG] plugin.terraform-provider-terrassert: 	/Users/mehdi/go/pkg/mod/github.com/hashicorp/terraform-plugin-sdk@v1.13.0/internal/helper/plugin/grpc_provider.go:885 +0x8b4
2020-05-26T09:47:40.235+0200 [DEBUG] plugin.terraform-provider-terrassert: github.com/hashicorp/terraform-plugin-sdk/internal/tfplugin5._Provider_ApplyResourceChange_Handler(0x1b415a0, 0xc000120c00, 0x1dc63c0, 0xc000203440, 0xc000720b40, 0x0, 0x1dc63c0, 0xc000203440, 0xc0003b6630, 0x8a)
2020-05-26T09:47:40.235+0200 [DEBUG] plugin.terraform-provider-terrassert: 	/Users/mehdi/go/pkg/mod/github.com/hashicorp/terraform-plugin-sdk@v1.13.0/internal/tfplugin5/tfplugin5.pb.go:3305 +0x217
2020-05-26T09:47:40.235+0200 [DEBUG] plugin.terraform-provider-terrassert: google.golang.org/grpc.(*Server).processUnaryRPC(0xc000782600, 0x1dd0160, 0xc000782f00, 0xc000094500, 0xc000800360, 0x2496e60, 0x0, 0x0, 0x0)
2020-05-26T09:47:40.235+0200 [DEBUG] plugin.terraform-provider-terrassert: 	/Users/mehdi/go/pkg/mod/google.golang.org/grpc@v1.27.1/server.go:1024 +0x501
2020-05-26T09:47:40.235+0200 [DEBUG] plugin.terraform-provider-terrassert: google.golang.org/grpc.(*Server).handleStream(0xc000782600, 0x1dd0160, 0xc000782f00, 0xc000094500, 0x0)
2020-05-26T09:47:40.235+0200 [DEBUG] plugin.terraform-provider-terrassert: 	/Users/mehdi/go/pkg/mod/google.golang.org/grpc@v1.27.1/server.go:1313 +0xd3d
2020-05-26T09:47:40.236+0200 [DEBUG] plugin.terraform-provider-terrassert: google.golang.org/grpc.(*Server).serveStreams.func1.1(0xc000124370, 0xc000782600, 0x1dd0160, 0xc000782f00, 0xc000094500)
2020-05-26T09:47:40.236+0200 [DEBUG] plugin.terraform-provider-terrassert: 	/Users/mehdi/go/pkg/mod/google.golang.org/grpc@v1.27.1/server.go:722 +0xa1
2020-05-26T09:47:40.236+0200 [DEBUG] plugin.terraform-provider-terrassert: created by google.golang.org/grpc.(*Server).serveStreams.func1
2020-05-26T09:47:40.236+0200 [DEBUG] plugin.terraform-provider-terrassert: 	/Users/mehdi/go/pkg/mod/google.golang.org/grpc@v1.27.1/server.go:720 +0xa1
2020/05/26 09:47:40 [DEBUG] terrassert_bool.check_valid: apply errored, but we're indicating that via the Error pointer rather than returning it: rpc error: code = Unavailable desc = transport is closing
2020/05/26 09:47:40 [TRACE] <root>: eval: *terraform.EvalMaybeTainted
2020/05/26 09:47:40 [TRACE] EvalMaybeTainted: terrassert_bool.check_valid encountered an error during creation, so it is now marked as tainted
2020/05/26 09:47:40 [TRACE] <root>: eval: *terraform.EvalWriteState
2020/05/26 09:47:40 [TRACE] EvalWriteState: removing state object for terrassert_bool.check_valid
2020/05/26 09:47:40 [TRACE] <root>: eval: *terraform.EvalApplyProvisioners
2020/05/26 09:47:40 [TRACE] EvalApplyProvisioners: terrassert_bool.check_valid has no state, so skipping provisioners
2020/05/26 09:47:40 [TRACE] <root>: eval: *terraform.EvalMaybeTainted
2020/05/26 09:47:40 [TRACE] EvalMaybeTainted: terrassert_bool.check_valid encountered an error during creation, so it is now marked as tainted
2020/05/26 09:47:40 [TRACE] <root>: eval: *terraform.EvalWriteState
2020/05/26 09:47:40 [TRACE] EvalWriteState: removing state object for terrassert_bool.check_valid
2020/05/26 09:47:40 [TRACE] <root>: eval: *terraform.EvalIf
2020/05/26 09:47:40 [TRACE] <root>: eval: *terraform.EvalIf
2020/05/26 09:47:40 [TRACE] <root>: eval: *terraform.EvalWriteDiff
2020/05/26 09:47:40 [TRACE] <root>: eval: *terraform.EvalApplyPost
2020/05/26 09:47:40 [ERROR] <root>: eval: *terraform.EvalApplyPost, err: rpc error: code = Unavailable desc = transport is closing
2020/05/26 09:47:40 [ERROR] <root>: eval: *terraform.EvalSequence, err: rpc error: code = Unavailable desc = transport is closing
2020/05/26 09:47:40 [TRACE] [walkApply] Exiting eval tree: terrassert_bool.check_valid
2020/05/26 09:47:40 [TRACE] vertex "terrassert_bool.check_valid": visit complete
2020/05/26 09:47:40 [TRACE] dag/walk: upstream of "provider.terrassert (close)" errored, so skipping
2020/05/26 09:47:40 [TRACE] dag/walk: upstream of "meta.count-boundary (EachMode fixup)" errored, so skipping
2020/05/26 09:47:40 [TRACE] dag/walk: upstream of "root" errored, so skipping
2020-05-26T09:47:40.238+0200 [DEBUG] plugin: plugin process exited: path=/Users/mehdi/Dev/terraform_plgrnd/terrassert/terraform-provider-terrassert pid=80041 error="exit status 2"
2020/05/26 09:47:40 [TRACE] statemgr.Filesystem: not making a backup, because the new snapshot is identical to the old
2020/05/26 09:47:40 [TRACE] statemgr.Filesystem: no state changes since last snapshot
2020/05/26 09:47:40 [TRACE] statemgr.Filesystem: writing snapshot at terraform.tfstate
2020/05/26 09:47:40 [TRACE] statemgr.Filesystem: removing lock metadata file .terraform.tfstate.lock.info
2020/05/26 09:47:40 [TRACE] statemgr.Filesystem: unlocking terraform.tfstate using fcntl flock
2020-05-26T09:47:40.246+0200 [DEBUG] plugin: plugin exited
